# JRE version: OpenJDK Runtime Environment Temurin-25.0.2+10 (25.0.2+10) (build 25.0.2+10-LTS)
# Java VM: OpenJDK 64-Bit Server VM Temurin-25.0.2+10 (25.0.2+10-LTS, mixed mode, sharing, tiered, compressed oops, compressed class ptrs, g1 gc, windows-amd64)
GC Precious Log:
 CardTable entry size: 512
 Card Set container configuration: InlinePtr #cards 5 size 8 Array Of Cards #cards 10 size 36 Howl #buckets 4 coarsen threshold 1843 Howl Bitmap #cards 512 size 80 coarsen threshold 460 Card regions per heap region 1 cards per card region 2048
 CPUs: 8 total, 8 available
 Memory: 7815M
 Large Page Support: Disabled
 NUMA Support: Disabled
 Compressed Oops: Enabled (32-bit)
 Heap Region Size: 1M
 Heap Min Capacity: 8M
 Heap Initial Capacity: 124M
 Heap Max Capacity: 1954M
 Pre-touch: Disabled
 Parallel Workers: 8
 Concurrent Workers: 2
 Concurrent Refinement Workers: 8
 Periodic GC: Disabled
Heap:
 garbage-first heap   total reserved 2000896K, committed 308224K, used 94802K [0x0000000085e00000, 0x0000000100000000)
  region size 1024K, 3 young (3072K), 3 survivors (3072K)
GC Heap Usage History (20 events):
Event: 11.136 {heap After GC invocations=22 (full 0):
 garbage-first heap   total reserved 2000896K, committed 276480K, used 56320K [0x0000000085e00000, 0x0000000100000000)
  region size 1024K, 2 young (2048K), 2 survivors (2048K)
}
Event: 12.847 {heap Before GC invocations=22 (full 0):
 garbage-first heap   total reserved 2000896K, committed 276480K, used 253952K [0x0000000085e00000, 0x0000000100000000)
  region size 1024K, 162 young (165888K), 2 survivors (2048K)
}
Event: 12.855 {heap After GC invocations=23 (full 0):
 garbage-first heap   total reserved 2000896K, committed 276480K, used 58556K [0x0000000085e00000, 0x0000000100000000)
  region size 1024K, 5 young (5120K), 5 survivors (5120K)
}
Event: 12.955 {heap Before GC invocations=23 (full 0):
 garbage-first heap   total reserved 2000896K, committed 276480K, used 71868K [0x0000000085e00000, 0x0000000100000000)
  region size 1024K, 19 young (19456K), 5 survivors (5120K)
}
Event: 12.962 {heap After GC invocations=24 (full 0):
 garbage-first heap   total reserved 2000896K, committed 276480K, used 58737K [0x0000000085e00000, 0x0000000100000000)
  region size 1024K, 5 young (5120K), 5 survivors (5120K)
}
Event: 13.331 {heap Before GC invocations=25 (full 0):
 garbage-first heap   total reserved 2000896K, committed 206848K, used 206193K [0x0000000085e00000, 0x0000000100000000)
  region size 1024K, 63 young (64512K), 5 survivors (5120K)
}
Event: 13.337 {heap After GC invocations=26 (full 0):
 garbage-first heap   total reserved 2000896K, committed 211968K, used 147227K [0x0000000085e00000, 0x0000000100000000)
  region size 1024K, 5 young (5120K), 5 survivors (5120K)
}
Event: 13.732 {heap Before GC invocations=26 (full 0):
 garbage-first heap   total reserved 2000896K, committed 256000K, used 255771K [0x0000000085e00000, 0x0000000100000000)
  region size 1024K, 43 young (44032K), 5 survivors (5120K)
}
Event: 13.740 {heap After GC invocations=27 (full 0):
 garbage-first heap   total reserved 2000896K, committed 263168K, used 198509K [0x0000000085e00000, 0x0000000100000000)
  region size 1024K, 4 young (4096K), 4 survivors (4096K)
}
Event: 13.755 {heap Before GC invocations=27 (full 0):
 garbage-first heap   total reserved 2000896K, committed 263168K, used 202605K [0x0000000085e00000, 0x0000000100000000)
  region size 1024K, 9 young (9216K), 4 survivors (4096K)
}
Event: 13.762 {heap After GC invocations=28 (full 0):
 garbage-first heap   total reserved 2000896K, committed 263168K, used 110730K [0x0000000085e00000, 0x0000000100000000)
  region size 1024K, 3 young (3072K), 3 survivors (3072K)
}
Event: 13.915 {heap Before GC invocations=28 (full 0):
 garbage-first heap   total reserved 2000896K, committed 263168K, used 119946K [0x0000000085e00000, 0x0000000100000000)
  region size 1024K, 11 young (11264K), 3 survivors (3072K)
}
Event: 13.920 {heap After GC invocations=29 (full 0):
 garbage-first heap   total reserved 2000896K, committed 263168K, used 113226K [0x0000000085e00000, 0x0000000100000000)
  region size 1024K, 3 young (3072K), 3 survivors (3072K)
}
Event: 14.346 {heap Before GC invocations=30 (full 0):
 garbage-first heap   total reserved 2000896K, committed 287744K, used 287306K [0x0000000085e00000, 0x0000000100000000)
  region size 1024K, 57 young (58368K), 3 survivors (3072K)
}
Event: 14.351 {heap After GC invocations=31 (full 0):
 garbage-first heap   total reserved 2000896K, committed 291840K, used 212638K [0x0000000085e00000, 0x0000000100000000)
  region size 1024K, 4 young (4096K), 4 survivors (4096K)
}
Event: 14.591 {heap Before GC invocations=31 (full 0):
 garbage-first heap   total reserved 2000896K, committed 305152K, used 303774K [0x0000000085e00000, 0x0000000100000000)
  region size 1024K, 36 young (36864K), 4 survivors (4096K)
}
Event: 14.596 {heap After GC invocations=32 (full 0):
 garbage-first heap   total reserved 2000896K, committed 308224K, used 154214K [0x0000000085e00000, 0x0000000100000000)
  region size 1024K, 3 young (3072K), 3 survivors (3072K)
}
Event: 14.608 {heap Before GC invocations=32 (full 0):
 garbage-first heap   total reserved 2000896K, committed 308224K, used 157286K [0x0000000085e00000, 0x0000000100000000)
  region size 1024K, 7 young (7168K), 3 survivors (3072K)
}
Event: 14.613 {heap After GC invocations=33 (full 0):
 garbage-first heap   total reserved 2000896K, committed 308224K, used 92818K [0x0000000085e00000, 0x0000000100000000)
  region size 1024K, 3 young (3072K), 3 survivors (3072K)
}
Event: 14.628 {heap Before GC invocations=33 (full 0):
 garbage-first heap   total reserved 2000896K, committed 308224K, used 101010K [0x0000000085e00000, 0x0000000100000000)
  region size 1024K, 10 young (10240K), 3 survivors (3072K)
}

